<?xml version="1.0" encoding="UTF-8"?>
<!-- Generated by org.testng.reporters.JUnitReportReporter -->
<testsuite hostname="THANH37-H15KV3V" failures="0" tests="7" name="demo.Example1Test" time="1.306" errors="0" timestamp="2023-07-06T11:03:14 ICT" skipped="0">
  <testcase classname="demo.Example1Test" name="T05_LastNameChecked" time="0.006"/>
  <system-out/>
  <testcase classname="demo.Example1Test" name="T07_verifyOnMatchingUserId" time="1.259"/>
  <system-out/>
  <testcase classname="demo.Example1Test" name="T02_IdChecked" time="0.007"/>
  <system-out/>
  <testcase classname="demo.Example1Test" name="T03_EmailChecked" time="0.010"/>
  <system-out/>
  <testcase classname="demo.Example1Test" name="T06_AvatarChecked" time="0.004"/>
  <system-out/>
  <testcase classname="demo.Example1Test" name="T01_StatusCodeTest" time="0.019"/>
  <system-out/>
  <testcase classname="demo.Example1Test" name="T04_FirstNameChecked" time="0.001"/>
  <system-out/>
</testsuite> <!-- demo.Example1Test -->
